  [1m[36m (2.7ms)[0m  [1mSELECT "schema_migrations"."version" FROM "schema_migrations" [0m
Migrating to CreateMovies (20111119180638)
  [1m[35m (2.4ms)[0m  select sqlite_version(*)
  [1m[36m (2.5ms)[0m  [1mSELECT "schema_migrations"."version" FROM "schema_migrations" [0m
  [1m[35m (0.1ms)[0m  PRAGMA index_list("movies")
  [1m[36m (2.9ms)[0m  [1mSELECT "schema_migrations"."version" FROM "schema_migrations" [0m
  [1m[35m (2.4ms)[0m  select sqlite_version(*)
  [1m[36m (14.3ms)[0m  [1mCREATE TABLE "movies" ("id" INTEGER PRIMARY KEY AUTOINCREMENT NOT NULL, "title" varchar(255), "rating" varchar(255), "description" text, "release_date" datetime, "created_at" datetime, "updated_at" datetime) [0m
  [1m[35m (13.7ms)[0m  CREATE TABLE "schema_migrations" ("version" varchar(255) NOT NULL) 
  [1m[36m (0.1ms)[0m  [1mPRAGMA index_list("schema_migrations")[0m
  [1m[35m (23.2ms)[0m  CREATE UNIQUE INDEX "unique_schema_migrations" ON "schema_migrations" ("version")
  [1m[36m (2.5ms)[0m  [1mSELECT version FROM "schema_migrations"[0m
  [1m[35m (15.7ms)[0m  INSERT INTO "schema_migrations" (version) VALUES ('20120130161449')
  [1m[36m (16.3ms)[0m  [1mINSERT INTO "schema_migrations" (version) VALUES ('20111119180638')[0m
  [1m[36m (2.6ms)[0m  [1mSELECT "schema_migrations"."version" FROM "schema_migrations" [0m
  [1m[35m (2.0ms)[0m  select sqlite_version(*)
  [1m[36m (12.6ms)[0m  [1mCREATE TABLE "movies" ("id" INTEGER PRIMARY KEY AUTOINCREMENT NOT NULL, "title" varchar(255), "rating" varchar(255), "description" text, "release_date" datetime, "created_at" datetime, "updated_at" datetime) [0m
  [1m[35m (14.4ms)[0m  CREATE TABLE "schema_migrations" ("version" varchar(255) NOT NULL) 
  [1m[36m (0.1ms)[0m  [1mPRAGMA index_list("schema_migrations")[0m
  [1m[35m (12.7ms)[0m  CREATE UNIQUE INDEX "unique_schema_migrations" ON "schema_migrations" ("version")
  [1m[36m (2.2ms)[0m  [1mSELECT version FROM "schema_migrations"[0m
  [1m[35m (11.4ms)[0m  INSERT INTO "schema_migrations" (version) VALUES ('20120130161449')
  [1m[36m (14.7ms)[0m  [1mINSERT INTO "schema_migrations" (version) VALUES ('20111119180638')[0m
  [1m[36m (2.5ms)[0m  [1mSELECT "schema_migrations"."version" FROM "schema_migrations" [0m
Migrating to CreateMovies (20111119180638)
Migrating to AddDirectorToMovies (20130814081934)
  [1m[35m (0.2ms)[0m  select sqlite_version(*)
  [1m[36m (10.8ms)[0m  [1mALTER TABLE "movies" ADD "director" varchar(255)[0m
  [1m[35m (1.0ms)[0m  INSERT INTO "schema_migrations" ("version") VALUES ('20130814081934')
  [1m[36m (2.9ms)[0m  [1mselect sqlite_version(*)[0m
  [1m[35m (2.4ms)[0m  SELECT "schema_migrations"."version" FROM "schema_migrations" 
  [1m[36m (0.1ms)[0m  [1mPRAGMA index_list("movies")[0m
  [1m[36m (2.2ms)[0m  [1mSELECT "schema_migrations"."version" FROM "schema_migrations" [0m
  [1m[35m (2.6ms)[0m  select sqlite_version(*)
  [1m[36m (15.6ms)[0m  [1mCREATE TABLE "movies" ("id" INTEGER PRIMARY KEY AUTOINCREMENT NOT NULL, "title" varchar(255), "rating" varchar(255), "description" text, "release_date" datetime, "created_at" datetime, "updated_at" datetime, "director" varchar(255)) [0m
  [1m[35m (11.3ms)[0m  CREATE TABLE "schema_migrations" ("version" varchar(255) NOT NULL) 
  [1m[36m (0.1ms)[0m  [1mPRAGMA index_list("schema_migrations")[0m
  [1m[35m (12.1ms)[0m  CREATE UNIQUE INDEX "unique_schema_migrations" ON "schema_migrations" ("version")
  [1m[36m (3.1ms)[0m  [1mSELECT version FROM "schema_migrations"[0m
  [1m[35m (13.4ms)[0m  INSERT INTO "schema_migrations" (version) VALUES ('20130814081934')
  [1m[36m (10.8ms)[0m  [1mINSERT INTO "schema_migrations" (version) VALUES ('20111119180638')[0m


Started GET "/" for 192.168.1.6 at 2013-08-14 01:30:22 -0700

ActionController::RoutingError (No route matches [GET] "/"):
  

Rendered /usr/local/lib/ruby/gems/1.9.1/gems/actionpack-3.1.0/lib/action_dispatch/middleware/templates/rescues/routing_error.erb within rescues/layout (1.2ms)


Started GET "/movies" for 192.168.1.6 at 2013-08-14 01:30:44 -0700
  Processing by MoviesController#index as HTML
  [1m[36mMovie Load (3.8ms)[0m  [1mSELECT "movies".* FROM "movies" WHERE "movies"."rating" IN ('G', 'PG', 'PG-13', 'NC-17', 'R')[0m
Rendered movies/index.html.haml within layouts/application (120.2ms)
Compiled application.css  (3ms)  (pid 18574)
Compiled application.js  (37ms)  (pid 18574)
Compiled jquery.js  (20ms)  (pid 18574)
Compiled jquery_ujs.js  (19ms)  (pid 18574)
Completed 200 OK in 819ms (Views: 776.3ms | ActiveRecord: 6.4ms)


Started GET "/assets/jquery.js?body=1" for 192.168.1.6 at 2013-08-14 01:30:56 -0700
Served asset /jquery.js - 200 OK (119ms)


Started GET "/assets/jquery_ujs.js?body=1" for 192.168.1.6 at 2013-08-14 01:30:56 -0700
Served asset /jquery_ujs.js - 200 OK (110ms)


Started GET "/assets/application.js?body=1" for 192.168.1.6 at 2013-08-14 01:30:56 -0700
Served asset /application.js - 200 OK (113ms)


Started GET "/assets/application.css?body=1" for 192.168.1.6 at 2013-08-14 01:30:56 -0700
Served asset /application.css - 200 OK (89ms)


Started GET "/movies/1" for 192.168.1.6 at 2013-08-14 01:32:38 -0700
  Processing by MoviesController#show as HTML
  Parameters: {"id"=>"1"}
  [1m[35mMovie Load (4.5ms)[0m  SELECT "movies".* FROM "movies" WHERE "movies"."id" = ? LIMIT 1  [["id", "1"]]
Rendered movies/show.html.haml within layouts/application (28.5ms)
Completed 200 OK in 199ms (Views: 183.6ms | ActiveRecord: 9.7ms)


Started GET "/movies/1/edit" for 192.168.1.6 at 2013-08-14 01:32:50 -0700
  Processing by MoviesController#edit as HTML
  Parameters: {"id"=>"1"}
  [1m[36mMovie Load (2.7ms)[0m  [1mSELECT "movies".* FROM "movies" WHERE "movies"."id" = ? LIMIT 1[0m  [["id", "1"]]
Rendered movies/edit.html.haml within layouts/application (28.9ms)
Completed 200 OK in 172ms (Views: 159.9ms | ActiveRecord: 7.9ms)


Started PUT "/movies/1" for 192.168.1.6 at 2013-08-14 01:33:08 -0700
  Processing by MoviesController#update as HTML
  Parameters: {"utf8"=>"✓", "authenticity_token"=>"maFi+F/5ufEcuFb73zXiWuyhMJMsNU0CkPl0GkT+GBw=", "movie"=>{"title"=>"Aladdin", "rating"=>"G", "release_date(1i)"=>"1992", "release_date(2i)"=>"11", "release_date(3i)"=>"25", "director"=>"Terrr"}, "commit"=>"Update Movie Info", "id"=>"1"}
  [1m[35mMovie Load (2.9ms)[0m  SELECT "movies".* FROM "movies" WHERE "movies"."id" = ? LIMIT 1  [["id", "1"]]
  [1m[36m (7.7ms)[0m  [1mUPDATE "movies" SET "director" = 'Terrr', "updated_at" = '2013-08-14 08:33:08.576503' WHERE "movies"."id" = 1[0m
Redirected to http://192.168.1.50:3000/movies/1
Completed 302 Found in 232ms


Started GET "/movies/1" for 192.168.1.6 at 2013-08-14 01:33:18 -0700
  Processing by MoviesController#show as HTML
  Parameters: {"id"=>"1"}
  [1m[35mMovie Load (2.5ms)[0m  SELECT "movies".* FROM "movies" WHERE "movies"."id" = ? LIMIT 1  [["id", "1"]]
Rendered movies/show.html.haml within layouts/application (29.0ms)
Completed 200 OK in 171ms (Views: 159.1ms | ActiveRecord: 9.0ms)


Started GET "/movies/1/edit" for 192.168.1.6 at 2013-08-14 01:33:28 -0700
  Processing by MoviesController#edit as HTML
  Parameters: {"id"=>"1"}
  [1m[36mMovie Load (3.0ms)[0m  [1mSELECT "movies".* FROM "movies" WHERE "movies"."id" = ? LIMIT 1[0m  [["id", "1"]]
Rendered movies/edit.html.haml within layouts/application (113.2ms)
Completed 200 OK in 257ms (Views: 243.5ms | ActiveRecord: 8.4ms)


Started GET "/movies/1" for 192.168.1.6 at 2013-08-14 01:34:23 -0700
  Processing by MoviesController#show as HTML
  Parameters: {"id"=>"1"}
  [1m[35mMovie Load (2.7ms)[0m  SELECT "movies".* FROM "movies" WHERE "movies"."id" = ? LIMIT 1  [["id", "1"]]
Rendered movies/show.html.haml within layouts/application (33.3ms)
Completed 500 Internal Server Error in 164ms

ActionView::Template::Error (Inconsistent indentation: "  \t" was used for indentation, but the rest of the document was indented using 2 spaces.):
    11:     = @movie.release_date.strftime("%B %d, %Y")
    12: 
    13:   %li
    14:   	Director:
    15:   	= @movie.director
    16: 
    17: %h3 Description:
  app/views/movies/show.html.haml:14

Rendered /usr/local/lib/ruby/gems/1.9.1/gems/actionpack-3.1.0/lib/action_dispatch/middleware/templates/rescues/_trace.erb (3.1ms)
Rendered /usr/local/lib/ruby/gems/1.9.1/gems/actionpack-3.1.0/lib/action_dispatch/middleware/templates/rescues/_request_and_response.erb (1.7ms)
Rendered /usr/local/lib/ruby/gems/1.9.1/gems/actionpack-3.1.0/lib/action_dispatch/middleware/templates/rescues/template_error.erb within rescues/layout (15.7ms)


Started GET "/movies/1" for 192.168.1.6 at 2013-08-14 01:34:55 -0700
  Processing by MoviesController#show as HTML
  Parameters: {"id"=>"1"}
  [1m[36mMovie Load (4.2ms)[0m  [1mSELECT "movies".* FROM "movies" WHERE "movies"."id" = ? LIMIT 1[0m  [["id", "1"]]
Rendered movies/show.html.haml within layouts/application (39.8ms)
Completed 200 OK in 207ms (Views: 190.6ms | ActiveRecord: 11.4ms)


Started GET "/assets/application.css?body=1" for 192.168.1.6 at 2013-08-14 01:35:06 -0700
Served asset /application.css - 200 OK (1ms)


Started GET "/assets/jquery_ujs.js?body=1" for 192.168.1.6 at 2013-08-14 01:35:06 -0700
Served asset /jquery_ujs.js - 200 OK (0ms)


Started GET "/assets/jquery.js?body=1" for 192.168.1.6 at 2013-08-14 01:35:06 -0700
Served asset /jquery.js - 200 OK (0ms)


Started GET "/assets/application.js?body=1" for 192.168.1.6 at 2013-08-14 01:35:11 -0700
Served asset /application.js - 200 OK (3ms)


Started GET "/movies/1" for 192.168.1.6 at 2013-08-14 02:25:32 -0700
  Processing by MoviesController#show as HTML
  Parameters: {"id"=>"1"}
  [1m[36mMovie Load (12.6ms)[0m  [1mSELECT "movies".* FROM "movies" WHERE "movies"."id" = ? LIMIT 1[0m  [["id", "1"]]
Rendered movies/show.html.haml within layouts/application (213.1ms)
Completed 500 Internal Server Error in 656ms

ActionView::Template::Error (undefined local variable or method `find_by_director_path' for #<#<Class:0xa7a9860>:0xb379c814>):
    21: = link_to 'Edit', edit_movie_path(@movie)
    22: = button_to 'Delete', movie_path(@movie), :method => :delete, :confirm => 'Are you sure?'
    23: = link_to 'Back to movie list', movies_path
    24: = link_to 'Find Movies With Same Director',  find_by_director_path, :director => @movie.id
  app/views/movies/show.html.haml:24:in `_app_views_movies_show_html_haml___1070395519_90503450'

Rendered /usr/local/lib/ruby/gems/1.9.1/gems/actionpack-3.1.0/lib/action_dispatch/middleware/templates/rescues/_trace.erb (3.5ms)
Rendered /usr/local/lib/ruby/gems/1.9.1/gems/actionpack-3.1.0/lib/action_dispatch/middleware/templates/rescues/_request_and_response.erb (2.4ms)
Rendered /usr/local/lib/ruby/gems/1.9.1/gems/actionpack-3.1.0/lib/action_dispatch/middleware/templates/rescues/template_error.erb within rescues/layout (10.0ms)


Started GET "/movies/1" for 192.168.1.6 at 2013-08-14 02:27:09 -0700

NameError (undefined local variable or method `find_by_director' for #<ActionDispatch::Routing::Mapper:0xa3f0264>):
  config/routes.rb:16:in `block in <top (required)>'
  config/routes.rb:1:in `<top (required)>'

Rendered /usr/local/lib/ruby/gems/1.9.1/gems/actionpack-3.1.0/lib/action_dispatch/middleware/templates/rescues/_trace.erb (1.9ms)
Rendered /usr/local/lib/ruby/gems/1.9.1/gems/actionpack-3.1.0/lib/action_dispatch/middleware/templates/rescues/_request_and_response.erb (1.7ms)
Rendered /usr/local/lib/ruby/gems/1.9.1/gems/actionpack-3.1.0/lib/action_dispatch/middleware/templates/rescues/diagnostics.erb within rescues/layout (9.2ms)


Started GET "/movies/1" for 192.168.1.6 at 2013-08-14 02:27:48 -0700
  Processing by MoviesController#show as HTML
  Parameters: {"id"=>"1"}
  [1m[35mMovie Load (2.6ms)[0m  SELECT "movies".* FROM "movies" WHERE "movies"."id" = ? LIMIT 1  [["id", "1"]]
Rendered movies/show.html.haml within layouts/application (27.9ms)
Completed 200 OK in 253ms (Views: 240.0ms | ActiveRecord: 8.1ms)


Started GET "/assets/application.css?body=1" for 192.168.1.6 at 2013-08-14 02:27:54 -0700
Served asset /application.css - 200 OK (14ms)


Started GET "/assets/jquery_ujs.js?body=1" for 192.168.1.6 at 2013-08-14 02:27:59 -0700
Served asset /jquery_ujs.js - 200 OK (23ms)


Started GET "/assets/application.js?body=1" for 192.168.1.6 at 2013-08-14 02:27:59 -0700
Served asset /application.js - 200 OK (12ms)


Started GET "/assets/jquery.js?body=1" for 192.168.1.6 at 2013-08-14 02:27:59 -0700
Served asset /jquery.js - 200 OK (37ms)


Started GET "/similar_movies/1" for 192.168.1.6 at 2013-08-14 02:28:40 -0700
  Processing by MoviesController#find_by_director as HTML
  Parameters: {"id"=>"1"}
  [1m[36mMovie Load (2.7ms)[0m  [1mSELECT "movies".* FROM "movies" WHERE "movies"."id" = ? LIMIT 1[0m  [["id", "1"]]
  [1m[35mMovie Load (4.6ms)[0m  SELECT "movies".* FROM "movies" WHERE "movies"."rating" IN ('G', 'PG', 'PG-13', 'NC-17', 'R')
Completed 500 Internal Server Error in 149ms

ActionView::MissingTemplate (Missing partial movies/movie with {:handlers=>[:erb, :builder, :coffee, :haml], :formats=>[:html], :locale=>[:en, :en]}. Searched in:
  * "/media/sf_S_DRIVE/My Dropbox/edX/Cs1691.x/hw4/app/views"
):
  app/controllers/movies_controller.rb:74:in `find_by_director'

Rendered /usr/local/lib/ruby/gems/1.9.1/gems/actionpack-3.1.0/lib/action_dispatch/middleware/templates/rescues/missing_template.erb within rescues/layout (0.6ms)


Started GET "/similar_movies/1" for 192.168.1.6 at 2013-08-14 02:32:11 -0700

ActionController::RoutingError (No route matches [GET] "/similar_movies/1"):
  

Rendered /usr/local/lib/ruby/gems/1.9.1/gems/actionpack-3.1.0/lib/action_dispatch/middleware/templates/rescues/routing_error.erb within rescues/layout (1.0ms)


Started GET "/movies/1" for 192.168.1.6 at 2013-08-14 02:32:25 -0700
  Processing by MoviesController#show as HTML
  Parameters: {"id"=>"1"}
  [1m[36mMovie Load (2.4ms)[0m  [1mSELECT "movies".* FROM "movies" WHERE "movies"."id" = ? LIMIT 1[0m  [["id", "1"]]
Rendered movies/show.html.haml within layouts/application (31.6ms)
Completed 200 OK in 199ms (Views: 185.8ms | ActiveRecord: 9.4ms)


Started GET "/assets/application.css?body=1" for 192.168.1.6 at 2013-08-14 02:32:36 -0700
Served asset /application.css - 200 OK (1ms)


Started GET "/assets/jquery_ujs.js?body=1" for 192.168.1.6 at 2013-08-14 02:32:36 -0700
Served asset /jquery_ujs.js - 200 OK (0ms)


Started GET "/assets/application.js?body=1" for 192.168.1.6 at 2013-08-14 02:32:36 -0700
Served asset /application.js - 200 OK (2ms)


Started GET "/assets/jquery.js?body=1" for 192.168.1.6 at 2013-08-14 02:32:41 -0700
Served asset /jquery.js - 200 OK (0ms)


Started GET "/movies/by_director/1" for 192.168.1.6 at 2013-08-14 02:32:48 -0700
  Processing by MoviesController#find_by_director as HTML
  Parameters: {"id"=>"1"}
  [1m[35mMovie Load (3.1ms)[0m  SELECT "movies".* FROM "movies" WHERE "movies"."id" = ? LIMIT 1  [["id", "1"]]
  [1m[36mMovie Load (4.3ms)[0m  [1mSELECT "movies".* FROM "movies" WHERE "movies"."director" = 'Terrr'[0m
Rendered movies/find_by_director.html.haml within layouts/application (18.3ms)
Completed 200 OK in 238ms (Views: 163.5ms | ActiveRecord: 14.6ms)


Started GET "/movies/1/edit" for 192.168.1.6 at 2013-08-14 02:33:28 -0700
  Processing by MoviesController#edit as HTML
  Parameters: {"id"=>"1"}
  [1m[35mMovie Load (3.3ms)[0m  SELECT "movies".* FROM "movies" WHERE "movies"."id" = ? LIMIT 1  [["id", "1"]]
Rendered movies/edit.html.haml within layouts/application (31.7ms)
Completed 200 OK in 189ms (Views: 176.3ms | ActiveRecord: 9.2ms)


Started PUT "/movies/1" for 192.168.1.6 at 2013-08-14 02:33:44 -0700
  Processing by MoviesController#update as HTML
  Parameters: {"utf8"=>"✓", "authenticity_token"=>"maFi+F/5ufEcuFb73zXiWuyhMJMsNU0CkPl0GkT+GBw=", "movie"=>{"title"=>"Aladdin", "rating"=>"G", "release_date(1i)"=>"1992", "release_date(2i)"=>"11", "release_date(3i)"=>"25", "director"=>""}, "commit"=>"Update Movie Info", "id"=>"1"}
  [1m[36mMovie Load (2.5ms)[0m  [1mSELECT "movies".* FROM "movies" WHERE "movies"."id" = ? LIMIT 1[0m  [["id", "1"]]
  [1m[35m (12.3ms)[0m  UPDATE "movies" SET "director" = '', "updated_at" = '2013-08-14 09:33:44.247721' WHERE "movies"."id" = 1
Redirected to http://192.168.1.50:3000/movies/1
Completed 302 Found in 193ms


Started GET "/movies/1" for 192.168.1.6 at 2013-08-14 02:33:54 -0700
  Processing by MoviesController#show as HTML
  Parameters: {"id"=>"1"}
  [1m[36mMovie Load (2.8ms)[0m  [1mSELECT "movies".* FROM "movies" WHERE "movies"."id" = ? LIMIT 1[0m  [["id", "1"]]
Rendered movies/show.html.haml within layouts/application (14.2ms)
Completed 200 OK in 149ms (Views: 130.8ms | ActiveRecord: 12.7ms)


Started GET "/movies/by_director/1" for 192.168.1.6 at 2013-08-14 02:34:26 -0700
  Processing by MoviesController#find_by_director as HTML
  Parameters: {"id"=>"1"}
  [1m[35mMovie Load (2.6ms)[0m  SELECT "movies".* FROM "movies" WHERE "movies"."id" = ? LIMIT 1  [["id", "1"]]
Redirected to http://192.168.1.50:3000/movies
  [1m[36mMovie Load (3.1ms)[0m  [1mSELECT "movies".* FROM "movies" WHERE "movies"."director" = ''[0m
Completed 302 Found in 28ms


Started GET "/movies" for 192.168.1.6 at 2013-08-14 02:34:36 -0700
  Processing by MoviesController#index as HTML
  [1m[35mMovie Load (3.3ms)[0m  SELECT "movies".* FROM "movies" WHERE "movies"."rating" IN ('G', 'PG', 'PG-13', 'NC-17', 'R')
Rendered movies/index.html.haml within layouts/application (46.6ms)
Completed 200 OK in 262ms (Views: 246.2ms | ActiveRecord: 8.9ms)
  [1m[36m (2.3ms)[0m  [1mSELECT "schema_migrations"."version" FROM "schema_migrations" [0m
  [1m[35m (2.7ms)[0m  select sqlite_version(*)
  [1m[36m (13.4ms)[0m  [1mCREATE TABLE "movies" ("id" INTEGER PRIMARY KEY AUTOINCREMENT NOT NULL, "title" varchar(255), "rating" varchar(255), "description" text, "release_date" datetime, "created_at" datetime, "updated_at" datetime, "director" varchar(255)) [0m
  [1m[35m (12.7ms)[0m  CREATE TABLE "schema_migrations" ("version" varchar(255) NOT NULL) 
  [1m[36m (0.1ms)[0m  [1mPRAGMA index_list("schema_migrations")[0m
  [1m[35m (14.7ms)[0m  CREATE UNIQUE INDEX "unique_schema_migrations" ON "schema_migrations" ("version")
  [1m[36m (2.1ms)[0m  [1mSELECT version FROM "schema_migrations"[0m
  [1m[35m (11.3ms)[0m  INSERT INTO "schema_migrations" (version) VALUES ('20130814081934')
  [1m[36m (21.4ms)[0m  [1mINSERT INTO "schema_migrations" (version) VALUES ('20111119180638')[0m
  [1m[36m (3.7ms)[0m  [1mSELECT "schema_migrations"."version" FROM "schema_migrations" [0m
  [1m[35m (6.5ms)[0m  select sqlite_version(*)
  [1m[36m (31.9ms)[0m  [1mCREATE TABLE "movies" ("id" INTEGER PRIMARY KEY AUTOINCREMENT NOT NULL, "title" varchar(255), "rating" varchar(255), "description" text, "release_date" datetime, "created_at" datetime, "updated_at" datetime, "director" varchar(255)) [0m
  [1m[35m (9.5ms)[0m  CREATE TABLE "schema_migrations" ("version" varchar(255) NOT NULL) 
  [1m[36m (0.4ms)[0m  [1mPRAGMA index_list("schema_migrations")[0m
  [1m[35m (13.8ms)[0m  CREATE UNIQUE INDEX "unique_schema_migrations" ON "schema_migrations" ("version")
  [1m[36m (3.6ms)[0m  [1mSELECT version FROM "schema_migrations"[0m
  [1m[35m (10.0ms)[0m  INSERT INTO "schema_migrations" (version) VALUES ('20130814081934')
  [1m[36m (16.7ms)[0m  [1mINSERT INTO "schema_migrations" (version) VALUES ('20111119180638')[0m
  [1m[36m (2.7ms)[0m  [1mSELECT "schema_migrations"."version" FROM "schema_migrations" [0m
  [1m[35m (2.9ms)[0m  select sqlite_version(*)
  [1m[36m (14.9ms)[0m  [1mCREATE TABLE "movies" ("id" INTEGER PRIMARY KEY AUTOINCREMENT NOT NULL, "title" varchar(255), "rating" varchar(255), "description" text, "release_date" datetime, "created_at" datetime, "updated_at" datetime, "director" varchar(255)) [0m
  [1m[35m (11.6ms)[0m  CREATE TABLE "schema_migrations" ("version" varchar(255) NOT NULL) 
  [1m[36m (0.1ms)[0m  [1mPRAGMA index_list("schema_migrations")[0m
  [1m[35m (16.3ms)[0m  CREATE UNIQUE INDEX "unique_schema_migrations" ON "schema_migrations" ("version")
  [1m[36m (2.2ms)[0m  [1mSELECT version FROM "schema_migrations"[0m
  [1m[35m (14.4ms)[0m  INSERT INTO "schema_migrations" (version) VALUES ('20130814081934')
  [1m[36m (15.5ms)[0m  [1mINSERT INTO "schema_migrations" (version) VALUES ('20111119180638')[0m
  [1m[36m (4.9ms)[0m  [1mSELECT "schema_migrations"."version" FROM "schema_migrations" [0m
  [1m[35m (3.4ms)[0m  select sqlite_version(*)
  [1m[36m (17.1ms)[0m  [1mCREATE TABLE "movies" ("id" INTEGER PRIMARY KEY AUTOINCREMENT NOT NULL, "title" varchar(255), "rating" varchar(255), "description" text, "release_date" datetime, "created_at" datetime, "updated_at" datetime, "director" varchar(255)) [0m
  [1m[35m (11.8ms)[0m  CREATE TABLE "schema_migrations" ("version" varchar(255) NOT NULL) 
  [1m[36m (0.2ms)[0m  [1mPRAGMA index_list("schema_migrations")[0m
  [1m[35m (12.1ms)[0m  CREATE UNIQUE INDEX "unique_schema_migrations" ON "schema_migrations" ("version")
  [1m[36m (2.5ms)[0m  [1mSELECT version FROM "schema_migrations"[0m
  [1m[35m (13.9ms)[0m  INSERT INTO "schema_migrations" (version) VALUES ('20130814081934')
  [1m[36m (19.3ms)[0m  [1mINSERT INTO "schema_migrations" (version) VALUES ('20111119180638')[0m
  [1m[36m (2.2ms)[0m  [1mSELECT "schema_migrations"."version" FROM "schema_migrations" [0m
  [1m[35m (2.8ms)[0m  select sqlite_version(*)
  [1m[36m (13.3ms)[0m  [1mCREATE TABLE "movies" ("id" INTEGER PRIMARY KEY AUTOINCREMENT NOT NULL, "title" varchar(255), "rating" varchar(255), "description" text, "release_date" datetime, "created_at" datetime, "updated_at" datetime, "director" varchar(255)) [0m
  [1m[35m (16.9ms)[0m  CREATE TABLE "schema_migrations" ("version" varchar(255) NOT NULL) 
  [1m[36m (0.1ms)[0m  [1mPRAGMA index_list("schema_migrations")[0m
  [1m[35m (11.9ms)[0m  CREATE UNIQUE INDEX "unique_schema_migrations" ON "schema_migrations" ("version")
  [1m[36m (3.6ms)[0m  [1mSELECT version FROM "schema_migrations"[0m
  [1m[35m (10.9ms)[0m  INSERT INTO "schema_migrations" (version) VALUES ('20130814081934')
  [1m[36m (16.1ms)[0m  [1mINSERT INTO "schema_migrations" (version) VALUES ('20111119180638')[0m
